<?xml version="1.0" encoding="UTF-8"?>
<testsuite xmlns:xsi="http://www.w3.org/2001/XMLSchema-instance" xsi:noNamespaceSchemaLocation="https://maven.apache.org/surefire/maven-surefire-plugin/xsd/surefire-test-report-3.0.xsd" version="3.0" name="de.ipvs.as.mbp.ServiceAvailabilityTest" time="0.02" tests="4" errors="0" skipped="2" failures="0">
  <properties>
    <property name="gopherProxySet" value="false"/>
    <property name="awt.toolkit" value="sun.lwawt.macosx.LWCToolkit"/>
    <property name="file.encoding.pkg" value="sun.io"/>
    <property name="java.specification.version" value="1.8"/>
    <property name="sun.cpu.isalist" value=""/>
    <property name="git.build.version" value="1.0"/>
    <property name="sun.jnu.encoding" value="UTF-8"/>
    <property name="java.class.path" value="/Users/congnguyen/start-up/MBP/target/test-classes:/Users/congnguyen/start-up/MBP/target/classes:/Users/congnguyen/.m2/repository/org/springframework/boot/spring-boot-starter-test/2.6.1/spring-boot-starter-test-2.6.1.jar:/Users/congnguyen/.m2/repository/org/springframework/boot/spring-boot-test/2.6.1/spring-boot-test-2.6.1.jar:/Users/congnguyen/.m2/repository/org/springframework/boot/spring-boot-test-autoconfigure/2.6.1/spring-boot-test-autoconfigure-2.6.1.jar:/Users/congnguyen/.m2/repository/jakarta/xml/bind/jakarta.xml.bind-api/2.3.3/jakarta.xml.bind-api-2.3.3.jar:/Users/congnguyen/.m2/repository/jakarta/activation/jakarta.activation-api/1.2.2/jakarta.activation-api-1.2.2.jar:/Users/congnguyen/.m2/repository/org/assertj/assertj-core/3.21.0/assertj-core-3.21.0.jar:/Users/congnguyen/.m2/repository/org/hamcrest/hamcrest/2.2/hamcrest-2.2.jar:/Users/congnguyen/.m2/repository/org/junit/jupiter/junit-jupiter/5.8.1/junit-jupiter-5.8.1.jar:/Users/congnguyen/.m2/repository/org/junit/jupiter/junit-jupiter-params/5.8.1/junit-jupiter-params-5.8.1.jar:/Users/congnguyen/.m2/repository/org/junit/jupiter/junit-jupiter-engine/5.8.1/junit-jupiter-engine-5.8.1.jar:/Users/congnguyen/.m2/repository/org/junit/platform/junit-platform-engine/1.8.1/junit-platform-engine-1.8.1.jar:/Users/congnguyen/.m2/repository/org/mockito/mockito-core/4.0.0/mockito-core-4.0.0.jar:/Users/congnguyen/.m2/repository/net/bytebuddy/byte-buddy/1.11.22/byte-buddy-1.11.22.jar:/Users/congnguyen/.m2/repository/net/bytebuddy/byte-buddy-agent/1.11.22/byte-buddy-agent-1.11.22.jar:/Users/congnguyen/.m2/repository/org/objenesis/objenesis/3.2/objenesis-3.2.jar:/Users/congnguyen/.m2/repository/org/mockito/mockito-junit-jupiter/4.0.0/mockito-junit-jupiter-4.0.0.jar:/Users/congnguyen/.m2/repository/org/skyscreamer/jsonassert/1.5.0/jsonassert-1.5.0.jar:/Users/congnguyen/.m2/repository/com/vaadin/external/google/android-json/0.0.20131108.vaadin1/android-json-0.0.20131108.vaadin1.jar:/Users/congnguyen/.m2/repository/org/springframework/spring-core/5.3.13/spring-core-5.3.13.jar:/Users/congnguyen/.m2/repository/org/springframework/spring-jcl/5.3.13/spring-jcl-5.3.13.jar:/Users/congnguyen/.m2/repository/org/springframework/spring-test/5.3.13/spring-test-5.3.13.jar:/Users/congnguyen/.m2/repository/org/xmlunit/xmlunit-core/2.8.3/xmlunit-core-2.8.3.jar:/Users/congnguyen/.m2/repository/org/springframework/boot/spring-boot-starter/2.6.1/spring-boot-starter-2.6.1.jar:/Users/congnguyen/.m2/repository/org/springframework/boot/spring-boot/2.6.1/spring-boot-2.6.1.jar:/Users/congnguyen/.m2/repository/org/springframework/boot/spring-boot-autoconfigure/2.6.1/spring-boot-autoconfigure-2.6.1.jar:/Users/congnguyen/.m2/repository/org/springframework/boot/spring-boot-starter-logging/2.6.1/spring-boot-starter-logging-2.6.1.jar:/Users/congnguyen/.m2/repository/ch/qos/logback/logback-classic/1.2.7/logback-classic-1.2.7.jar:/Users/congnguyen/.m2/repository/ch/qos/logback/logback-core/1.2.7/logback-core-1.2.7.jar:/Users/congnguyen/.m2/repository/org/apache/logging/log4j/log4j-to-slf4j/2.14.1/log4j-to-slf4j-2.14.1.jar:/Users/congnguyen/.m2/repository/org/apache/logging/log4j/log4j-api/2.14.1/log4j-api-2.14.1.jar:/Users/congnguyen/.m2/repository/org/slf4j/jul-to-slf4j/1.7.32/jul-to-slf4j-1.7.32.jar:/Users/congnguyen/.m2/repository/jakarta/annotation/jakarta.annotation-api/1.3.5/jakarta.annotation-api-1.3.5.jar:/Users/congnguyen/.m2/repository/org/yaml/snakeyaml/1.29/snakeyaml-1.29.jar:/Users/congnguyen/.m2/repository/org/springframework/boot/spring-boot-starter-validation/2.6.1/spring-boot-starter-validation-2.6.1.jar:/Users/congnguyen/.m2/repository/org/apache/tomcat/embed/tomcat-embed-el/9.0.55/tomcat-embed-el-9.0.55.jar:/Users/congnguyen/.m2/repository/org/hibernate/validator/hibernate-validator/6.2.0.Final/hibernate-validator-6.2.0.Final.jar:/Users/congnguyen/.m2/repository/jakarta/validation/jakarta.validation-api/2.0.2/jakarta.validation-api-2.0.2.jar:/Users/congnguyen/.m2/repository/org/jboss/logging/jboss-logging/3.4.2.Final/jboss-logging-3.4.2.Final.jar:/Users/congnguyen/.m2/repository/org/springframework/boot/spring-boot-starter-security/2.6.1/spring-boot-starter-security-2.6.1.jar:/Users/congnguyen/.m2/repository/org/springframework/spring-aop/5.3.13/spring-aop-5.3.13.jar:/Users/congnguyen/.m2/repository/org/springframework/security/spring-security-config/5.6.0/spring-security-config-5.6.0.jar:/Users/congnguyen/.m2/repository/org/springframework/security/spring-security-web/5.6.0/spring-security-web-5.6.0.jar:/Users/congnguyen/.m2/repository/org/springframework/spring-expression/5.3.13/spring-expression-5.3.13.jar:/Users/congnguyen/.m2/repository/org/springframework/security/spring-security-jwt/1.1.1.RELEASE/spring-security-jwt-1.1.1.RELEASE.jar:/Users/congnguyen/.m2/repository/org/bouncycastle/bcpkix-jdk15on/1.64/bcpkix-jdk15on-1.64.jar:/Users/congnguyen/.m2/repository/org/bouncycastle/bcprov-jdk15on/1.64/bcprov-jdk15on-1.64.jar:/Users/congnguyen/.m2/repository/org/springframework/security/oauth/spring-security-oauth2/2.5.1.RELEASE/spring-security-oauth2-2.5.1.RELEASE.jar:/Users/congnguyen/.m2/repository/org/springframework/spring-beans/5.3.13/spring-beans-5.3.13.jar:/Users/congnguyen/.m2/repository/org/springframework/spring-context/5.3.13/spring-context-5.3.13.jar:/Users/congnguyen/.m2/repository/org/springframework/spring-webmvc/5.3.13/spring-webmvc-5.3.13.jar:/Users/congnguyen/.m2/repository/org/springframework/security/spring-security-core/5.6.0/spring-security-core-5.6.0.jar:/Users/congnguyen/.m2/repository/org/springframework/security/spring-security-crypto/5.6.0/spring-security-crypto-5.6.0.jar:/Users/congnguyen/.m2/repository/commons-codec/commons-codec/1.15/commons-codec-1.15.jar:/Users/congnguyen/.m2/repository/org/springframework/boot/spring-boot-starter-oauth2-client/2.6.1/spring-boot-starter-oauth2-client-2.6.1.jar:/Users/congnguyen/.m2/repository/org/springframework/security/spring-security-oauth2-client/5.6.0/spring-security-oauth2-client-5.6.0.jar:/Users/congnguyen/.m2/repository/org/springframework/security/spring-security-oauth2-core/5.6.0/spring-security-oauth2-core-5.6.0.jar:/Users/congnguyen/.m2/repository/com/nimbusds/oauth2-oidc-sdk/9.19/oauth2-oidc-sdk-9.19.jar:/Users/congnguyen/.m2/repository/com/github/stephenc/jcip/jcip-annotations/1.0-1/jcip-annotations-1.0-1.jar:/Users/congnguyen/.m2/repository/com/nimbusds/content-type/2.1/content-type-2.1.jar:/Users/congnguyen/.m2/repository/com/nimbusds/lang-tag/1.5/lang-tag-1.5.jar:/Users/congnguyen/.m2/repository/org/springframework/security/spring-security-oauth2-jose/5.6.0/spring-security-oauth2-jose-5.6.0.jar:/Users/congnguyen/.m2/repository/com/nimbusds/nimbus-jose-jwt/9.14/nimbus-jose-jwt-9.14.jar:/Users/congnguyen/.m2/repository/org/springframework/boot/spring-boot-starter-oauth2-resource-server/2.6.1/spring-boot-starter-oauth2-resource-server-2.6.1.jar:/Users/congnguyen/.m2/repository/org/springframework/security/spring-security-oauth2-resource-server/5.6.0/spring-security-oauth2-resource-server-5.6.0.jar:/Users/congnguyen/.m2/repository/org/springframework/security/oauth/boot/spring-security-oauth2-autoconfigure/2.6.1/spring-security-oauth2-autoconfigure-2.6.1.jar:/Users/congnguyen/.m2/repository/com/fasterxml/jackson/core/jackson-annotations/2.13.0/jackson-annotations-2.13.0.jar:/Users/congnguyen/.m2/repository/com/fasterxml/jackson/core/jackson-databind/2.13.0/jackson-databind-2.13.0.jar:/Users/congnguyen/.m2/repository/com/fasterxml/jackson/core/jackson-core/2.13.0/jackson-core-2.13.0.jar:/Users/congnguyen/.m2/repository/org/springframework/spring-web/5.3.13/spring-web-5.3.13.jar:/Users/congnguyen/.m2/repository/org/glassfish/jaxb/jaxb-runtime/2.3.5/jaxb-runtime-2.3.5.jar:/Users/congnguyen/.m2/repository/org/glassfish/jaxb/txw2/2.3.5/txw2-2.3.5.jar:/Users/congnguyen/.m2/repository/com/sun/istack/istack-commons-runtime/3.0.12/istack-commons-runtime-3.0.12.jar:/Users/congnguyen/.m2/repository/org/springframework/boot/spring-boot-starter-web/2.6.1/spring-boot-starter-web-2.6.1.jar:/Users/congnguyen/.m2/repository/org/springframework/boot/spring-boot-starter-json/2.6.1/spring-boot-starter-json-2.6.1.jar:/Users/congnguyen/.m2/repository/com/fasterxml/jackson/datatype/jackson-datatype-jdk8/2.13.0/jackson-datatype-jdk8-2.13.0.jar:/Users/congnguyen/.m2/repository/com/fasterxml/jackson/datatype/jackson-datatype-jsr310/2.13.0/jackson-datatype-jsr310-2.13.0.jar:/Users/congnguyen/.m2/repository/com/fasterxml/jackson/module/jackson-module-parameter-names/2.13.0/jackson-module-parameter-names-2.13.0.jar:/Users/congnguyen/.m2/repository/org/springframework/boot/spring-boot-starter-tomcat/2.6.1/spring-boot-starter-tomcat-2.6.1.jar:/Users/congnguyen/.m2/repository/org/apache/tomcat/embed/tomcat-embed-core/9.0.55/tomcat-embed-core-9.0.55.jar:/Users/congnguyen/.m2/repository/org/apache/tomcat/embed/tomcat-embed-websocket/9.0.55/tomcat-embed-websocket-9.0.55.jar:/Users/congnguyen/.m2/repository/org/springframework/boot/spring-boot-starter-data-rest/2.6.1/spring-boot-starter-data-rest-2.6.1.jar:/Users/congnguyen/.m2/repository/org/springframework/data/spring-data-rest-webmvc/3.6.0/spring-data-rest-webmvc-3.6.0.jar:/Users/congnguyen/.m2/repository/org/springframework/data/spring-data-rest-core/3.6.0/spring-data-rest-core-3.6.0.jar:/Users/congnguyen/.m2/repository/org/atteo/evo-inflector/1.3/evo-inflector-1.3.jar:/Users/congnguyen/.m2/repository/org/springframework/security/spring-security-test/5.6.0/spring-security-test-5.6.0.jar:/Users/congnguyen/.m2/repository/org/springframework/boot/spring-boot-starter-data-mongodb/2.6.1/spring-boot-starter-data-mongodb-2.6.1.jar:/Users/congnguyen/.m2/repository/org/mongodb/mongodb-driver-sync/4.4.0/mongodb-driver-sync-4.4.0.jar:/Users/congnguyen/.m2/repository/org/mongodb/bson/4.4.0/bson-4.4.0.jar:/Users/congnguyen/.m2/repository/org/mongodb/mongodb-driver-core/4.4.0/mongodb-driver-core-4.4.0.jar:/Users/congnguyen/.m2/repository/org/springframework/data/spring-data-mongodb/3.3.0/spring-data-mongodb-3.3.0.jar:/Users/congnguyen/.m2/repository/org/springframework/spring-tx/5.3.13/spring-tx-5.3.13.jar:/Users/congnguyen/.m2/repository/org/springframework/data/spring-data-commons/2.6.0/spring-data-commons-2.6.0.jar:/Users/congnguyen/.m2/repository/org/springframework/boot/spring-boot-starter-actuator/2.6.1/spring-boot-starter-actuator-2.6.1.jar:/Users/congnguyen/.m2/repository/org/springframework/boot/spring-boot-actuator-autoconfigure/2.6.1/spring-boot-actuator-autoconfigure-2.6.1.jar:/Users/congnguyen/.m2/repository/org/springframework/boot/spring-boot-actuator/2.6.1/spring-boot-actuator-2.6.1.jar:/Users/congnguyen/.m2/repository/io/micrometer/micrometer-core/1.8.0/micrometer-core-1.8.0.jar:/Users/congnguyen/.m2/repository/org/hdrhistogram/HdrHistogram/2.1.12/HdrHistogram-2.1.12.jar:/Users/congnguyen/.m2/repository/org/latencyutils/LatencyUtils/2.0.3/LatencyUtils-2.0.3.jar:/Users/congnguyen/.m2/repository/org/eclipse/paho/org.eclipse.paho.client.mqttv3/1.2.5/org.eclipse.paho.client.mqttv3-1.2.5.jar:/Users/congnguyen/.m2/repository/com/github/ben-manes/caffeine/caffeine/2.9.1/caffeine-2.9.1.jar:/Users/congnguyen/.m2/repository/org/checkerframework/checker-qual/3.10.0/checker-qual-3.10.0.jar:/Users/congnguyen/.m2/repository/com/google/errorprone/error_prone_annotations/2.5.1/error_prone_annotations-2.5.1.jar:/Users/congnguyen/.m2/repository/com/espertech/esper/7.1.0/esper-7.1.0.jar:/Users/congnguyen/.m2/repository/org/slf4j/slf4j-api/1.7.32/slf4j-api-1.7.32.jar:/Users/congnguyen/.m2/repository/org/antlr/antlr4-runtime/4.7/antlr4-runtime-4.7.jar:/Users/congnguyen/.m2/repository/cglib/cglib-nodep/3.2.5/cglib-nodep-3.2.5.jar:/Users/congnguyen/.m2/repository/org/codehaus/janino/janino/3.1.6/janino-3.1.6.jar:/Users/congnguyen/.m2/repository/org/codehaus/janino/commons-compiler/3.1.6/commons-compiler-3.1.6.jar:/Users/congnguyen/.m2/repository/org/springframework/boot/spring-boot-starter-thymeleaf/2.6.1/spring-boot-starter-thymeleaf-2.6.1.jar:/Users/congnguyen/.m2/repository/org/thymeleaf/thymeleaf-spring5/3.0.12.RELEASE/thymeleaf-spring5-3.0.12.RELEASE.jar:/Users/congnguyen/.m2/repository/org/thymeleaf/thymeleaf/3.0.12.RELEASE/thymeleaf-3.0.12.RELEASE.jar:/Users/congnguyen/.m2/repository/org/attoparser/attoparser/2.0.5.RELEASE/attoparser-2.0.5.RELEASE.jar:/Users/congnguyen/.m2/repository/org/unbescape/unbescape/1.1.6.RELEASE/unbescape-1.1.6.RELEASE.jar:/Users/congnguyen/.m2/repository/org/thymeleaf/extras/thymeleaf-extras-java8time/3.0.4.RELEASE/thymeleaf-extras-java8time-3.0.4.RELEASE.jar:/Users/congnguyen/.m2/repository/org/jscience/jscience/4.3.1/jscience-4.3.1.jar:/Users/congnguyen/.m2/repository/org/javolution/javolution/5.2.3/javolution-5.2.3.jar:/Users/congnguyen/.m2/repository/javax/xml/bind/jaxb-api/2.3.1/jaxb-api-2.3.1.jar:/Users/congnguyen/.m2/repository/javax/activation/javax.activation-api/1.2.0/javax.activation-api-1.2.0.jar:/Users/congnguyen/.m2/repository/com/sun/xml/bind/jaxb-core/3.0.1/jaxb-core-3.0.1.jar:/Users/congnguyen/.m2/repository/com/sun/activation/jakarta.activation/1.2.2/jakarta.activation-1.2.2.jar:/Users/congnguyen/.m2/repository/com/sun/xml/bind/jaxb-impl/3.0.1/jaxb-impl-3.0.1.jar:/Users/congnguyen/.m2/repository/javax/javaee-web-api/8.0.1/javaee-web-api-8.0.1.jar:/Users/congnguyen/.m2/repository/com/jcabi/jcabi-ssh/1.6.1/jcabi-ssh-1.6.1.jar:/Users/congnguyen/.m2/repository/com/jcabi/jcabi-aspects/0.22.5/jcabi-aspects-0.22.5.jar:/Users/congnguyen/.m2/repository/org/aspectj/aspectjrt/1.9.7/aspectjrt-1.9.7.jar:/Users/congnguyen/.m2/repository/javax/validation/validation-api/2.0.1.Final/validation-api-2.0.1.Final.jar:/Users/congnguyen/.m2/repository/com/jcabi/jcabi-log/0.17.2/jcabi-log-0.17.2.jar:/Users/congnguyen/.m2/repository/org/apache/commons/commons-lang3/3.12.0/commons-lang3-3.12.0.jar:/Users/congnguyen/.m2/repository/org/cactoos/cactoos/0.16/cactoos-0.16.jar:/Users/congnguyen/.m2/repository/com/jcraft/jsch/0.1.54/jsch-0.1.54.jar:/Users/congnguyen/.m2/repository/com/itextpdf/barcodes/7.1.10/barcodes-7.1.10.jar:/Users/congnguyen/.m2/repository/com/itextpdf/font-asian/7.1.10/font-asian-7.1.10.jar:/Users/congnguyen/.m2/repository/com/itextpdf/forms/7.1.10/forms-7.1.10.jar:/Users/congnguyen/.m2/repository/com/itextpdf/hyph/7.1.10/hyph-7.1.10.jar:/Users/congnguyen/.m2/repository/com/itextpdf/io/7.1.10/io-7.1.10.jar:/Users/congnguyen/.m2/repository/com/itextpdf/kernel/7.1.10/kernel-7.1.10.jar:/Users/congnguyen/.m2/repository/com/itextpdf/layout/7.1.10/layout-7.1.10.jar:/Users/congnguyen/.m2/repository/com/itextpdf/pdfa/7.1.10/pdfa-7.1.10.jar:/Users/congnguyen/.m2/repository/com/itextpdf/sign/7.1.10/sign-7.1.10.jar:/Users/congnguyen/.m2/repository/com/itextpdf/styled-xml-parser/7.1.10/styled-xml-parser-7.1.10.jar:/Users/congnguyen/.m2/repository/com/itextpdf/svg/7.1.10/svg-7.1.10.jar:/Users/congnguyen/.m2/repository/org/jfree/jfreechart/1.5.0/jfreechart-1.5.0.jar:/Users/congnguyen/.m2/repository/commons-validator/commons-validator/1.6/commons-validator-1.6.jar:/Users/congnguyen/.m2/repository/commons-beanutils/commons-beanutils/1.9.2/commons-beanutils-1.9.2.jar:/Users/congnguyen/.m2/repository/commons-digester/commons-digester/1.8.1/commons-digester-1.8.1.jar:/Users/congnguyen/.m2/repository/commons-logging/commons-logging/1.2/commons-logging-1.2.jar:/Users/congnguyen/.m2/repository/commons-collections/commons-collections/3.2.2/commons-collections-3.2.2.jar:/Users/congnguyen/.m2/repository/io/springfox/springfox-data-rest/2.10.5/springfox-data-rest-2.10.5.jar:/Users/congnguyen/.m2/repository/com/fasterxml/classmate/1.5.1/classmate-1.5.1.jar:/Users/congnguyen/.m2/repository/org/springframework/plugin/spring-plugin-core/2.0.0.RELEASE/spring-plugin-core-2.0.0.RELEASE.jar:/Users/congnguyen/.m2/repository/org/springframework/plugin/spring-plugin-metadata/2.0.0.RELEASE/spring-plugin-metadata-2.0.0.RELEASE.jar:/Users/congnguyen/.m2/repository/io/springfox/springfox-spi/2.10.5/springfox-spi-2.10.5.jar:/Users/congnguyen/.m2/repository/io/springfox/springfox-core/2.10.5/springfox-core-2.10.5.jar:/Users/congnguyen/.m2/repository/io/springfox/springfox-spring-webmvc/2.10.5/springfox-spring-webmvc-2.10.5.jar:/Users/congnguyen/.m2/repository/org/springframework/hateoas/spring-hateoas/1.4.0/spring-hateoas-1.4.0.jar:/Users/congnguyen/.m2/repository/io/springfox/springfox-swagger-ui/2.10.5/springfox-swagger-ui-2.10.5.jar:/Users/congnguyen/.m2/repository/io/springfox/springfox-swagger2/2.10.5/springfox-swagger2-2.10.5.jar:/Users/congnguyen/.m2/repository/io/swagger/swagger-annotations/1.5.20/swagger-annotations-1.5.20.jar:/Users/congnguyen/.m2/repository/io/swagger/swagger-models/1.5.20/swagger-models-1.5.20.jar:/Users/congnguyen/.m2/repository/io/springfox/springfox-schema/2.10.5/springfox-schema-2.10.5.jar:/Users/congnguyen/.m2/repository/io/springfox/springfox-swagger-common/2.10.5/springfox-swagger-common-2.10.5.jar:/Users/congnguyen/.m2/repository/io/springfox/springfox-spring-web/2.10.5/springfox-spring-web-2.10.5.jar:/Users/congnguyen/.m2/repository/io/github/classgraph/classgraph/4.1.7/classgraph-4.1.7.jar:/Users/congnguyen/.m2/repository/org/mapstruct/mapstruct/1.3.1.Final/mapstruct-1.3.1.Final.jar:/Users/congnguyen/.m2/repository/io/github/swagger2markup/swagger2markup/1.3.3/swagger2markup-1.3.3.jar:/Users/congnguyen/.m2/repository/io/github/swagger2markup/markup-document-builder/1.1.2/markup-document-builder-1.1.2.jar:/Users/congnguyen/.m2/repository/commons-io/commons-io/2.4/commons-io-2.4.jar:/Users/congnguyen/.m2/repository/nl/jworks/markdown_to_asciidoc/markdown_to_asciidoc/1.0/markdown_to_asciidoc-1.0.jar:/Users/congnguyen/.m2/repository/org/pegdown/pegdown/1.4.2/pegdown-1.4.2.jar:/Users/congnguyen/.m2/repository/org/parboiled/parboiled-java/1.1.6/parboiled-java-1.1.6.jar:/Users/congnguyen/.m2/repository/org/parboiled/parboiled-core/1.1.6/parboiled-core-1.1.6.jar:/Users/congnguyen/.m2/repository/org/ow2/asm/asm-tree/4.1/asm-tree-4.1.jar:/Users/congnguyen/.m2/repository/org/ow2/asm/asm-analysis/4.1/asm-analysis-4.1.jar:/Users/congnguyen/.m2/repository/org/ow2/asm/asm-util/4.1/asm-util-4.1.jar:/Users/congnguyen/.m2/repository/org/jsoup/jsoup/1.8.1/jsoup-1.8.1.jar:/Users/congnguyen/.m2/repository/io/swagger/swagger-compat-spec-parser/1.0.35/swagger-compat-spec-parser-1.0.35.jar:/Users/congnguyen/.m2/repository/io/swagger/swagger-core/1.5.19/swagger-core-1.5.19.jar:/Users/congnguyen/.m2/repository/com/fasterxml/jackson/dataformat/jackson-dataformat-yaml/2.13.0/jackson-dataformat-yaml-2.13.0.jar:/Users/congnguyen/.m2/repository/com/google/guava/guava/20.0/guava-20.0.jar:/Users/congnguyen/.m2/repository/io/swagger/swagger-parser/1.0.35/swagger-parser-1.0.35.jar:/Users/congnguyen/.m2/repository/org/slf4j/slf4j-ext/1.7.32/slf4j-ext-1.7.32.jar:/Users/congnguyen/.m2/repository/com/github/java-json-tools/json-schema-validator/2.2.8/json-schema-validator-2.2.8.jar:/Users/congnguyen/.m2/repository/com/github/java-json-tools/json-schema-core/1.2.8/json-schema-core-1.2.8.jar:/Users/congnguyen/.m2/repository/org/mozilla/rhino/1.7R4/rhino-1.7R4.jar:/Users/congnguyen/.m2/repository/com/github/fge/uri-template/0.9/uri-template-0.9.jar:/Users/congnguyen/.m2/repository/javax/mail/mailapi/1.4.3/mailapi-1.4.3.jar:/Users/congnguyen/.m2/repository/javax/activation/activation/1.1/activation-1.1.jar:/Users/congnguyen/.m2/repository/joda-time/joda-time/2.9.7/joda-time-2.9.7.jar:/Users/congnguyen/.m2/repository/com/googlecode/libphonenumber/libphonenumber/8.0.0/libphonenumber-8.0.0.jar:/Users/congnguyen/.m2/repository/com/google/code/findbugs/jsr305/3.0.1/jsr305-3.0.1.jar:/Users/congnguyen/.m2/repository/net/sf/jopt-simple/jopt-simple/5.0.3/jopt-simple-5.0.3.jar:/Users/congnguyen/.m2/repository/com/github/fge/json-patch/1.6/json-patch-1.6.jar:/Users/congnguyen/.m2/repository/com/github/fge/jackson-coreutils/1.6/jackson-coreutils-1.6.jar:/Users/congnguyen/.m2/repository/com/github/fge/msg-simple/1.1/msg-simple-1.1.jar:/Users/congnguyen/.m2/repository/com/github/fge/btf/1.2/btf-1.2.jar:/Users/congnguyen/.m2/repository/org/apache/httpcomponents/httpclient/4.5.13/httpclient-4.5.13.jar:/Users/congnguyen/.m2/repository/org/apache/httpcomponents/httpcore/4.4.14/httpcore-4.4.14.jar:/Users/congnguyen/.m2/repository/org/apache/commons/commons-configuration2/2.1/commons-configuration2-2.1.jar:/Users/congnguyen/.m2/repository/org/apache/commons/commons-collections4/4.1/commons-collections4-4.1.jar:/Users/congnguyen/.m2/repository/io/vavr/vavr/0.9.1/vavr-0.9.1.jar:/Users/congnguyen/.m2/repository/io/vavr/vavr-match/0.9.1/vavr-match-0.9.1.jar:/Users/congnguyen/.m2/repository/ch/netzwerg/paleo-core/0.11.0/paleo-core-0.11.0.jar:/Users/congnguyen/.m2/repository/cglib/cglib/3.3.0/cglib-3.3.0.jar:/Users/congnguyen/.m2/repository/org/ow2/asm/asm/7.1/asm-7.1.jar:/Users/congnguyen/.m2/repository/com/jayway/jsonpath/json-path/2.5.0/json-path-2.5.0.jar:/Users/congnguyen/.m2/repository/net/minidev/json-smart/2.4.7/json-smart-2.4.7.jar:/Users/congnguyen/.m2/repository/net/minidev/accessors-smart/2.4.7/accessors-smart-2.4.7.jar:/Users/congnguyen/.m2/repository/org/reflections/reflections/0.9.12/reflections-0.9.12.jar:/Users/congnguyen/.m2/repository/org/javassist/javassist/3.26.0-GA/javassist-3.26.0-GA.jar:/Users/congnguyen/.m2/repository/com/github/haifengl/smile-core/2.6.0/smile-core-2.6.0.jar:/Users/congnguyen/.m2/repository/com/github/haifengl/smile-data/2.6.0/smile-data-2.6.0.jar:/Users/congnguyen/.m2/repository/com/github/haifengl/smile-math/2.6.0/smile-math-2.6.0.jar:/Users/congnguyen/.m2/repository/com/github/haifengl/smile-graph/2.6.0/smile-graph-2.6.0.jar:/Users/congnguyen/.m2/repository/com/github/haifengl/smile-nlp/2.6.0/smile-nlp-2.6.0.jar:/Users/congnguyen/.m2/repository/net/objecthunter/exp4j/0.4.8/exp4j-0.4.8.jar:/Users/congnguyen/.m2/repository/org/testcontainers/testcontainers/1.15.3/testcontainers-1.15.3.jar:/Users/congnguyen/.m2/repository/junit/junit/4.13.2/junit-4.13.2.jar:/Users/congnguyen/.m2/repository/org/hamcrest/hamcrest-core/2.2/hamcrest-core-2.2.jar:/Users/congnguyen/.m2/repository/org/apache/commons/commons-compress/1.20/commons-compress-1.20.jar:/Users/congnguyen/.m2/repository/org/rnorth/duct-tape/duct-tape/1.0.8/duct-tape-1.0.8.jar:/Users/congnguyen/.m2/repository/org/rnorth/visible-assertions/visible-assertions/2.1.2/visible-assertions-2.1.2.jar:/Users/congnguyen/.m2/repository/net/java/dev/jna/jna/5.2.0/jna-5.2.0.jar:/Users/congnguyen/.m2/repository/com/github/docker-java/docker-java-api/3.2.8/docker-java-api-3.2.8.jar:/Users/congnguyen/.m2/repository/com/github/docker-java/docker-java-transport-zerodep/3.2.8/docker-java-transport-zerodep-3.2.8.jar:/Users/congnguyen/.m2/repository/com/github/docker-java/docker-java-transport/3.2.8/docker-java-transport-3.2.8.jar:/Users/congnguyen/.m2/repository/org/testcontainers/junit-jupiter/1.15.3/junit-jupiter-1.15.3.jar:/Users/congnguyen/.m2/repository/org/junit/jupiter/junit-jupiter-api/5.8.1/junit-jupiter-api-5.8.1.jar:/Users/congnguyen/.m2/repository/org/opentest4j/opentest4j/1.2.0/opentest4j-1.2.0.jar:/Users/congnguyen/.m2/repository/org/junit/platform/junit-platform-commons/1.8.1/junit-platform-commons-1.8.1.jar:/Users/congnguyen/.m2/repository/org/apiguardian/apiguardian-api/1.1.2/apiguardian-api-1.1.2.jar:"/>
    <property name="git.branch" value="master"/>
    <property name="java.vm.vendor" value="BellSoft"/>
    <property name="sun.arch.data.model" value="64"/>
    <property name="java.vendor.url" value="https://bell-sw.com/"/>
    <property name="user.timezone" value="Asia/Ho_Chi_Minh"/>
    <property name="java.vm.specification.version" value="1.8"/>
    <property name="os.name" value="Mac OS X"/>
    <property name="user.country" value="VN"/>
    <property name="sun.java.launcher" value="SUN_STANDARD"/>
    <property name="sun.boot.library.path" value="/Users/congnguyen/Library/Java/JavaVirtualMachines/liberica-1.8.0_412/jre/lib"/>
    <property name="sun.java.command" value="/Users/congnguyen/start-up/MBP/target/surefire/surefirebooter1321328886741996970.jar /Users/congnguyen/start-up/MBP/target/surefire 2024-07-15T09-08-50_063-jvmRun1 surefire2743473766109852876tmp surefire_04408228445399960987tmp"/>
    <property name="http.nonProxyHosts" value="local|*.local|169.254/16|*.169.254/16"/>
    <property name="surefire.test.class.path" value="/Users/congnguyen/start-up/MBP/target/test-classes:/Users/congnguyen/start-up/MBP/target/classes:/Users/congnguyen/.m2/repository/org/springframework/boot/spring-boot-starter-test/2.6.1/spring-boot-starter-test-2.6.1.jar:/Users/congnguyen/.m2/repository/org/springframework/boot/spring-boot-test/2.6.1/spring-boot-test-2.6.1.jar:/Users/congnguyen/.m2/repository/org/springframework/boot/spring-boot-test-autoconfigure/2.6.1/spring-boot-test-autoconfigure-2.6.1.jar:/Users/congnguyen/.m2/repository/jakarta/xml/bind/jakarta.xml.bind-api/2.3.3/jakarta.xml.bind-api-2.3.3.jar:/Users/congnguyen/.m2/repository/jakarta/activation/jakarta.activation-api/1.2.2/jakarta.activation-api-1.2.2.jar:/Users/congnguyen/.m2/repository/org/assertj/assertj-core/3.21.0/assertj-core-3.21.0.jar:/Users/congnguyen/.m2/repository/org/hamcrest/hamcrest/2.2/hamcrest-2.2.jar:/Users/congnguyen/.m2/repository/org/junit/jupiter/junit-jupiter/5.8.1/junit-jupiter-5.8.1.jar:/Users/congnguyen/.m2/repository/org/junit/jupiter/junit-jupiter-params/5.8.1/junit-jupiter-params-5.8.1.jar:/Users/congnguyen/.m2/repository/org/junit/jupiter/junit-jupiter-engine/5.8.1/junit-jupiter-engine-5.8.1.jar:/Users/congnguyen/.m2/repository/org/junit/platform/junit-platform-engine/1.8.1/junit-platform-engine-1.8.1.jar:/Users/congnguyen/.m2/repository/org/mockito/mockito-core/4.0.0/mockito-core-4.0.0.jar:/Users/congnguyen/.m2/repository/net/bytebuddy/byte-buddy/1.11.22/byte-buddy-1.11.22.jar:/Users/congnguyen/.m2/repository/net/bytebuddy/byte-buddy-agent/1.11.22/byte-buddy-agent-1.11.22.jar:/Users/congnguyen/.m2/repository/org/objenesis/objenesis/3.2/objenesis-3.2.jar:/Users/congnguyen/.m2/repository/org/mockito/mockito-junit-jupiter/4.0.0/mockito-junit-jupiter-4.0.0.jar:/Users/congnguyen/.m2/repository/org/skyscreamer/jsonassert/1.5.0/jsonassert-1.5.0.jar:/Users/congnguyen/.m2/repository/com/vaadin/external/google/android-json/0.0.20131108.vaadin1/android-json-0.0.20131108.vaadin1.jar:/Users/congnguyen/.m2/repository/org/springframework/spring-core/5.3.13/spring-core-5.3.13.jar:/Users/congnguyen/.m2/repository/org/springframework/spring-jcl/5.3.13/spring-jcl-5.3.13.jar:/Users/congnguyen/.m2/repository/org/springframework/spring-test/5.3.13/spring-test-5.3.13.jar:/Users/congnguyen/.m2/repository/org/xmlunit/xmlunit-core/2.8.3/xmlunit-core-2.8.3.jar:/Users/congnguyen/.m2/repository/org/springframework/boot/spring-boot-starter/2.6.1/spring-boot-starter-2.6.1.jar:/Users/congnguyen/.m2/repository/org/springframework/boot/spring-boot/2.6.1/spring-boot-2.6.1.jar:/Users/congnguyen/.m2/repository/org/springframework/boot/spring-boot-autoconfigure/2.6.1/spring-boot-autoconfigure-2.6.1.jar:/Users/congnguyen/.m2/repository/org/springframework/boot/spring-boot-starter-logging/2.6.1/spring-boot-starter-logging-2.6.1.jar:/Users/congnguyen/.m2/repository/ch/qos/logback/logback-classic/1.2.7/logback-classic-1.2.7.jar:/Users/congnguyen/.m2/repository/ch/qos/logback/logback-core/1.2.7/logback-core-1.2.7.jar:/Users/congnguyen/.m2/repository/org/apache/logging/log4j/log4j-to-slf4j/2.14.1/log4j-to-slf4j-2.14.1.jar:/Users/congnguyen/.m2/repository/org/apache/logging/log4j/log4j-api/2.14.1/log4j-api-2.14.1.jar:/Users/congnguyen/.m2/repository/org/slf4j/jul-to-slf4j/1.7.32/jul-to-slf4j-1.7.32.jar:/Users/congnguyen/.m2/repository/jakarta/annotation/jakarta.annotation-api/1.3.5/jakarta.annotation-api-1.3.5.jar:/Users/congnguyen/.m2/repository/org/yaml/snakeyaml/1.29/snakeyaml-1.29.jar:/Users/congnguyen/.m2/repository/org/springframework/boot/spring-boot-starter-validation/2.6.1/spring-boot-starter-validation-2.6.1.jar:/Users/congnguyen/.m2/repository/org/apache/tomcat/embed/tomcat-embed-el/9.0.55/tomcat-embed-el-9.0.55.jar:/Users/congnguyen/.m2/repository/org/hibernate/validator/hibernate-validator/6.2.0.Final/hibernate-validator-6.2.0.Final.jar:/Users/congnguyen/.m2/repository/jakarta/validation/jakarta.validation-api/2.0.2/jakarta.validation-api-2.0.2.jar:/Users/congnguyen/.m2/repository/org/jboss/logging/jboss-logging/3.4.2.Final/jboss-logging-3.4.2.Final.jar:/Users/congnguyen/.m2/repository/org/springframework/boot/spring-boot-starter-security/2.6.1/spring-boot-starter-security-2.6.1.jar:/Users/congnguyen/.m2/repository/org/springframework/spring-aop/5.3.13/spring-aop-5.3.13.jar:/Users/congnguyen/.m2/repository/org/springframework/security/spring-security-config/5.6.0/spring-security-config-5.6.0.jar:/Users/congnguyen/.m2/repository/org/springframework/security/spring-security-web/5.6.0/spring-security-web-5.6.0.jar:/Users/congnguyen/.m2/repository/org/springframework/spring-expression/5.3.13/spring-expression-5.3.13.jar:/Users/congnguyen/.m2/repository/org/springframework/security/spring-security-jwt/1.1.1.RELEASE/spring-security-jwt-1.1.1.RELEASE.jar:/Users/congnguyen/.m2/repository/org/bouncycastle/bcpkix-jdk15on/1.64/bcpkix-jdk15on-1.64.jar:/Users/congnguyen/.m2/repository/org/bouncycastle/bcprov-jdk15on/1.64/bcprov-jdk15on-1.64.jar:/Users/congnguyen/.m2/repository/org/springframework/security/oauth/spring-security-oauth2/2.5.1.RELEASE/spring-security-oauth2-2.5.1.RELEASE.jar:/Users/congnguyen/.m2/repository/org/springframework/spring-beans/5.3.13/spring-beans-5.3.13.jar:/Users/congnguyen/.m2/repository/org/springframework/spring-context/5.3.13/spring-context-5.3.13.jar:/Users/congnguyen/.m2/repository/org/springframework/spring-webmvc/5.3.13/spring-webmvc-5.3.13.jar:/Users/congnguyen/.m2/repository/org/springframework/security/spring-security-core/5.6.0/spring-security-core-5.6.0.jar:/Users/congnguyen/.m2/repository/org/springframework/security/spring-security-crypto/5.6.0/spring-security-crypto-5.6.0.jar:/Users/congnguyen/.m2/repository/commons-codec/commons-codec/1.15/commons-codec-1.15.jar:/Users/congnguyen/.m2/repository/org/springframework/boot/spring-boot-starter-oauth2-client/2.6.1/spring-boot-starter-oauth2-client-2.6.1.jar:/Users/congnguyen/.m2/repository/org/springframework/security/spring-security-oauth2-client/5.6.0/spring-security-oauth2-client-5.6.0.jar:/Users/congnguyen/.m2/repository/org/springframework/security/spring-security-oauth2-core/5.6.0/spring-security-oauth2-core-5.6.0.jar:/Users/congnguyen/.m2/repository/com/nimbusds/oauth2-oidc-sdk/9.19/oauth2-oidc-sdk-9.19.jar:/Users/congnguyen/.m2/repository/com/github/stephenc/jcip/jcip-annotations/1.0-1/jcip-annotations-1.0-1.jar:/Users/congnguyen/.m2/repository/com/nimbusds/content-type/2.1/content-type-2.1.jar:/Users/congnguyen/.m2/repository/com/nimbusds/lang-tag/1.5/lang-tag-1.5.jar:/Users/congnguyen/.m2/repository/org/springframework/security/spring-security-oauth2-jose/5.6.0/spring-security-oauth2-jose-5.6.0.jar:/Users/congnguyen/.m2/repository/com/nimbusds/nimbus-jose-jwt/9.14/nimbus-jose-jwt-9.14.jar:/Users/congnguyen/.m2/repository/org/springframework/boot/spring-boot-starter-oauth2-resource-server/2.6.1/spring-boot-starter-oauth2-resource-server-2.6.1.jar:/Users/congnguyen/.m2/repository/org/springframework/security/spring-security-oauth2-resource-server/5.6.0/spring-security-oauth2-resource-server-5.6.0.jar:/Users/congnguyen/.m2/repository/org/springframework/security/oauth/boot/spring-security-oauth2-autoconfigure/2.6.1/spring-security-oauth2-autoconfigure-2.6.1.jar:/Users/congnguyen/.m2/repository/com/fasterxml/jackson/core/jackson-annotations/2.13.0/jackson-annotations-2.13.0.jar:/Users/congnguyen/.m2/repository/com/fasterxml/jackson/core/jackson-databind/2.13.0/jackson-databind-2.13.0.jar:/Users/congnguyen/.m2/repository/com/fasterxml/jackson/core/jackson-core/2.13.0/jackson-core-2.13.0.jar:/Users/congnguyen/.m2/repository/org/springframework/spring-web/5.3.13/spring-web-5.3.13.jar:/Users/congnguyen/.m2/repository/org/glassfish/jaxb/jaxb-runtime/2.3.5/jaxb-runtime-2.3.5.jar:/Users/congnguyen/.m2/repository/org/glassfish/jaxb/txw2/2.3.5/txw2-2.3.5.jar:/Users/congnguyen/.m2/repository/com/sun/istack/istack-commons-runtime/3.0.12/istack-commons-runtime-3.0.12.jar:/Users/congnguyen/.m2/repository/org/springframework/boot/spring-boot-starter-web/2.6.1/spring-boot-starter-web-2.6.1.jar:/Users/congnguyen/.m2/repository/org/springframework/boot/spring-boot-starter-json/2.6.1/spring-boot-starter-json-2.6.1.jar:/Users/congnguyen/.m2/repository/com/fasterxml/jackson/datatype/jackson-datatype-jdk8/2.13.0/jackson-datatype-jdk8-2.13.0.jar:/Users/congnguyen/.m2/repository/com/fasterxml/jackson/datatype/jackson-datatype-jsr310/2.13.0/jackson-datatype-jsr310-2.13.0.jar:/Users/congnguyen/.m2/repository/com/fasterxml/jackson/module/jackson-module-parameter-names/2.13.0/jackson-module-parameter-names-2.13.0.jar:/Users/congnguyen/.m2/repository/org/springframework/boot/spring-boot-starter-tomcat/2.6.1/spring-boot-starter-tomcat-2.6.1.jar:/Users/congnguyen/.m2/repository/org/apache/tomcat/embed/tomcat-embed-core/9.0.55/tomcat-embed-core-9.0.55.jar:/Users/congnguyen/.m2/repository/org/apache/tomcat/embed/tomcat-embed-websocket/9.0.55/tomcat-embed-websocket-9.0.55.jar:/Users/congnguyen/.m2/repository/org/springframework/boot/spring-boot-starter-data-rest/2.6.1/spring-boot-starter-data-rest-2.6.1.jar:/Users/congnguyen/.m2/repository/org/springframework/data/spring-data-rest-webmvc/3.6.0/spring-data-rest-webmvc-3.6.0.jar:/Users/congnguyen/.m2/repository/org/springframework/data/spring-data-rest-core/3.6.0/spring-data-rest-core-3.6.0.jar:/Users/congnguyen/.m2/repository/org/atteo/evo-inflector/1.3/evo-inflector-1.3.jar:/Users/congnguyen/.m2/repository/org/springframework/security/spring-security-test/5.6.0/spring-security-test-5.6.0.jar:/Users/congnguyen/.m2/repository/org/springframework/boot/spring-boot-starter-data-mongodb/2.6.1/spring-boot-starter-data-mongodb-2.6.1.jar:/Users/congnguyen/.m2/repository/org/mongodb/mongodb-driver-sync/4.4.0/mongodb-driver-sync-4.4.0.jar:/Users/congnguyen/.m2/repository/org/mongodb/bson/4.4.0/bson-4.4.0.jar:/Users/congnguyen/.m2/repository/org/mongodb/mongodb-driver-core/4.4.0/mongodb-driver-core-4.4.0.jar:/Users/congnguyen/.m2/repository/org/springframework/data/spring-data-mongodb/3.3.0/spring-data-mongodb-3.3.0.jar:/Users/congnguyen/.m2/repository/org/springframework/spring-tx/5.3.13/spring-tx-5.3.13.jar:/Users/congnguyen/.m2/repository/org/springframework/data/spring-data-commons/2.6.0/spring-data-commons-2.6.0.jar:/Users/congnguyen/.m2/repository/org/springframework/boot/spring-boot-starter-actuator/2.6.1/spring-boot-starter-actuator-2.6.1.jar:/Users/congnguyen/.m2/repository/org/springframework/boot/spring-boot-actuator-autoconfigure/2.6.1/spring-boot-actuator-autoconfigure-2.6.1.jar:/Users/congnguyen/.m2/repository/org/springframework/boot/spring-boot-actuator/2.6.1/spring-boot-actuator-2.6.1.jar:/Users/congnguyen/.m2/repository/io/micrometer/micrometer-core/1.8.0/micrometer-core-1.8.0.jar:/Users/congnguyen/.m2/repository/org/hdrhistogram/HdrHistogram/2.1.12/HdrHistogram-2.1.12.jar:/Users/congnguyen/.m2/repository/org/latencyutils/LatencyUtils/2.0.3/LatencyUtils-2.0.3.jar:/Users/congnguyen/.m2/repository/org/eclipse/paho/org.eclipse.paho.client.mqttv3/1.2.5/org.eclipse.paho.client.mqttv3-1.2.5.jar:/Users/congnguyen/.m2/repository/com/github/ben-manes/caffeine/caffeine/2.9.1/caffeine-2.9.1.jar:/Users/congnguyen/.m2/repository/org/checkerframework/checker-qual/3.10.0/checker-qual-3.10.0.jar:/Users/congnguyen/.m2/repository/com/google/errorprone/error_prone_annotations/2.5.1/error_prone_annotations-2.5.1.jar:/Users/congnguyen/.m2/repository/com/espertech/esper/7.1.0/esper-7.1.0.jar:/Users/congnguyen/.m2/repository/org/slf4j/slf4j-api/1.7.32/slf4j-api-1.7.32.jar:/Users/congnguyen/.m2/repository/org/antlr/antlr4-runtime/4.7/antlr4-runtime-4.7.jar:/Users/congnguyen/.m2/repository/cglib/cglib-nodep/3.2.5/cglib-nodep-3.2.5.jar:/Users/congnguyen/.m2/repository/org/codehaus/janino/janino/3.1.6/janino-3.1.6.jar:/Users/congnguyen/.m2/repository/org/codehaus/janino/commons-compiler/3.1.6/commons-compiler-3.1.6.jar:/Users/congnguyen/.m2/repository/org/springframework/boot/spring-boot-starter-thymeleaf/2.6.1/spring-boot-starter-thymeleaf-2.6.1.jar:/Users/congnguyen/.m2/repository/org/thymeleaf/thymeleaf-spring5/3.0.12.RELEASE/thymeleaf-spring5-3.0.12.RELEASE.jar:/Users/congnguyen/.m2/repository/org/thymeleaf/thymeleaf/3.0.12.RELEASE/thymeleaf-3.0.12.RELEASE.jar:/Users/congnguyen/.m2/repository/org/attoparser/attoparser/2.0.5.RELEASE/attoparser-2.0.5.RELEASE.jar:/Users/congnguyen/.m2/repository/org/unbescape/unbescape/1.1.6.RELEASE/unbescape-1.1.6.RELEASE.jar:/Users/congnguyen/.m2/repository/org/thymeleaf/extras/thymeleaf-extras-java8time/3.0.4.RELEASE/thymeleaf-extras-java8time-3.0.4.RELEASE.jar:/Users/congnguyen/.m2/repository/org/jscience/jscience/4.3.1/jscience-4.3.1.jar:/Users/congnguyen/.m2/repository/org/javolution/javolution/5.2.3/javolution-5.2.3.jar:/Users/congnguyen/.m2/repository/javax/xml/bind/jaxb-api/2.3.1/jaxb-api-2.3.1.jar:/Users/congnguyen/.m2/repository/javax/activation/javax.activation-api/1.2.0/javax.activation-api-1.2.0.jar:/Users/congnguyen/.m2/repository/com/sun/xml/bind/jaxb-core/3.0.1/jaxb-core-3.0.1.jar:/Users/congnguyen/.m2/repository/com/sun/activation/jakarta.activation/1.2.2/jakarta.activation-1.2.2.jar:/Users/congnguyen/.m2/repository/com/sun/xml/bind/jaxb-impl/3.0.1/jaxb-impl-3.0.1.jar:/Users/congnguyen/.m2/repository/javax/javaee-web-api/8.0.1/javaee-web-api-8.0.1.jar:/Users/congnguyen/.m2/repository/com/jcabi/jcabi-ssh/1.6.1/jcabi-ssh-1.6.1.jar:/Users/congnguyen/.m2/repository/com/jcabi/jcabi-aspects/0.22.5/jcabi-aspects-0.22.5.jar:/Users/congnguyen/.m2/repository/org/aspectj/aspectjrt/1.9.7/aspectjrt-1.9.7.jar:/Users/congnguyen/.m2/repository/javax/validation/validation-api/2.0.1.Final/validation-api-2.0.1.Final.jar:/Users/congnguyen/.m2/repository/com/jcabi/jcabi-log/0.17.2/jcabi-log-0.17.2.jar:/Users/congnguyen/.m2/repository/org/apache/commons/commons-lang3/3.12.0/commons-lang3-3.12.0.jar:/Users/congnguyen/.m2/repository/org/cactoos/cactoos/0.16/cactoos-0.16.jar:/Users/congnguyen/.m2/repository/com/jcraft/jsch/0.1.54/jsch-0.1.54.jar:/Users/congnguyen/.m2/repository/com/itextpdf/barcodes/7.1.10/barcodes-7.1.10.jar:/Users/congnguyen/.m2/repository/com/itextpdf/font-asian/7.1.10/font-asian-7.1.10.jar:/Users/congnguyen/.m2/repository/com/itextpdf/forms/7.1.10/forms-7.1.10.jar:/Users/congnguyen/.m2/repository/com/itextpdf/hyph/7.1.10/hyph-7.1.10.jar:/Users/congnguyen/.m2/repository/com/itextpdf/io/7.1.10/io-7.1.10.jar:/Users/congnguyen/.m2/repository/com/itextpdf/kernel/7.1.10/kernel-7.1.10.jar:/Users/congnguyen/.m2/repository/com/itextpdf/layout/7.1.10/layout-7.1.10.jar:/Users/congnguyen/.m2/repository/com/itextpdf/pdfa/7.1.10/pdfa-7.1.10.jar:/Users/congnguyen/.m2/repository/com/itextpdf/sign/7.1.10/sign-7.1.10.jar:/Users/congnguyen/.m2/repository/com/itextpdf/styled-xml-parser/7.1.10/styled-xml-parser-7.1.10.jar:/Users/congnguyen/.m2/repository/com/itextpdf/svg/7.1.10/svg-7.1.10.jar:/Users/congnguyen/.m2/repository/org/jfree/jfreechart/1.5.0/jfreechart-1.5.0.jar:/Users/congnguyen/.m2/repository/commons-validator/commons-validator/1.6/commons-validator-1.6.jar:/Users/congnguyen/.m2/repository/commons-beanutils/commons-beanutils/1.9.2/commons-beanutils-1.9.2.jar:/Users/congnguyen/.m2/repository/commons-digester/commons-digester/1.8.1/commons-digester-1.8.1.jar:/Users/congnguyen/.m2/repository/commons-logging/commons-logging/1.2/commons-logging-1.2.jar:/Users/congnguyen/.m2/repository/commons-collections/commons-collections/3.2.2/commons-collections-3.2.2.jar:/Users/congnguyen/.m2/repository/io/springfox/springfox-data-rest/2.10.5/springfox-data-rest-2.10.5.jar:/Users/congnguyen/.m2/repository/com/fasterxml/classmate/1.5.1/classmate-1.5.1.jar:/Users/congnguyen/.m2/repository/org/springframework/plugin/spring-plugin-core/2.0.0.RELEASE/spring-plugin-core-2.0.0.RELEASE.jar:/Users/congnguyen/.m2/repository/org/springframework/plugin/spring-plugin-metadata/2.0.0.RELEASE/spring-plugin-metadata-2.0.0.RELEASE.jar:/Users/congnguyen/.m2/repository/io/springfox/springfox-spi/2.10.5/springfox-spi-2.10.5.jar:/Users/congnguyen/.m2/repository/io/springfox/springfox-core/2.10.5/springfox-core-2.10.5.jar:/Users/congnguyen/.m2/repository/io/springfox/springfox-spring-webmvc/2.10.5/springfox-spring-webmvc-2.10.5.jar:/Users/congnguyen/.m2/repository/org/springframework/hateoas/spring-hateoas/1.4.0/spring-hateoas-1.4.0.jar:/Users/congnguyen/.m2/repository/io/springfox/springfox-swagger-ui/2.10.5/springfox-swagger-ui-2.10.5.jar:/Users/congnguyen/.m2/repository/io/springfox/springfox-swagger2/2.10.5/springfox-swagger2-2.10.5.jar:/Users/congnguyen/.m2/repository/io/swagger/swagger-annotations/1.5.20/swagger-annotations-1.5.20.jar:/Users/congnguyen/.m2/repository/io/swagger/swagger-models/1.5.20/swagger-models-1.5.20.jar:/Users/congnguyen/.m2/repository/io/springfox/springfox-schema/2.10.5/springfox-schema-2.10.5.jar:/Users/congnguyen/.m2/repository/io/springfox/springfox-swagger-common/2.10.5/springfox-swagger-common-2.10.5.jar:/Users/congnguyen/.m2/repository/io/springfox/springfox-spring-web/2.10.5/springfox-spring-web-2.10.5.jar:/Users/congnguyen/.m2/repository/io/github/classgraph/classgraph/4.1.7/classgraph-4.1.7.jar:/Users/congnguyen/.m2/repository/org/mapstruct/mapstruct/1.3.1.Final/mapstruct-1.3.1.Final.jar:/Users/congnguyen/.m2/repository/io/github/swagger2markup/swagger2markup/1.3.3/swagger2markup-1.3.3.jar:/Users/congnguyen/.m2/repository/io/github/swagger2markup/markup-document-builder/1.1.2/markup-document-builder-1.1.2.jar:/Users/congnguyen/.m2/repository/commons-io/commons-io/2.4/commons-io-2.4.jar:/Users/congnguyen/.m2/repository/nl/jworks/markdown_to_asciidoc/markdown_to_asciidoc/1.0/markdown_to_asciidoc-1.0.jar:/Users/congnguyen/.m2/repository/org/pegdown/pegdown/1.4.2/pegdown-1.4.2.jar:/Users/congnguyen/.m2/repository/org/parboiled/parboiled-java/1.1.6/parboiled-java-1.1.6.jar:/Users/congnguyen/.m2/repository/org/parboiled/parboiled-core/1.1.6/parboiled-core-1.1.6.jar:/Users/congnguyen/.m2/repository/org/ow2/asm/asm-tree/4.1/asm-tree-4.1.jar:/Users/congnguyen/.m2/repository/org/ow2/asm/asm-analysis/4.1/asm-analysis-4.1.jar:/Users/congnguyen/.m2/repository/org/ow2/asm/asm-util/4.1/asm-util-4.1.jar:/Users/congnguyen/.m2/repository/org/jsoup/jsoup/1.8.1/jsoup-1.8.1.jar:/Users/congnguyen/.m2/repository/io/swagger/swagger-compat-spec-parser/1.0.35/swagger-compat-spec-parser-1.0.35.jar:/Users/congnguyen/.m2/repository/io/swagger/swagger-core/1.5.19/swagger-core-1.5.19.jar:/Users/congnguyen/.m2/repository/com/fasterxml/jackson/dataformat/jackson-dataformat-yaml/2.13.0/jackson-dataformat-yaml-2.13.0.jar:/Users/congnguyen/.m2/repository/com/google/guava/guava/20.0/guava-20.0.jar:/Users/congnguyen/.m2/repository/io/swagger/swagger-parser/1.0.35/swagger-parser-1.0.35.jar:/Users/congnguyen/.m2/repository/org/slf4j/slf4j-ext/1.7.32/slf4j-ext-1.7.32.jar:/Users/congnguyen/.m2/repository/com/github/java-json-tools/json-schema-validator/2.2.8/json-schema-validator-2.2.8.jar:/Users/congnguyen/.m2/repository/com/github/java-json-tools/json-schema-core/1.2.8/json-schema-core-1.2.8.jar:/Users/congnguyen/.m2/repository/org/mozilla/rhino/1.7R4/rhino-1.7R4.jar:/Users/congnguyen/.m2/repository/com/github/fge/uri-template/0.9/uri-template-0.9.jar:/Users/congnguyen/.m2/repository/javax/mail/mailapi/1.4.3/mailapi-1.4.3.jar:/Users/congnguyen/.m2/repository/javax/activation/activation/1.1/activation-1.1.jar:/Users/congnguyen/.m2/repository/joda-time/joda-time/2.9.7/joda-time-2.9.7.jar:/Users/congnguyen/.m2/repository/com/googlecode/libphonenumber/libphonenumber/8.0.0/libphonenumber-8.0.0.jar:/Users/congnguyen/.m2/repository/com/google/code/findbugs/jsr305/3.0.1/jsr305-3.0.1.jar:/Users/congnguyen/.m2/repository/net/sf/jopt-simple/jopt-simple/5.0.3/jopt-simple-5.0.3.jar:/Users/congnguyen/.m2/repository/com/github/fge/json-patch/1.6/json-patch-1.6.jar:/Users/congnguyen/.m2/repository/com/github/fge/jackson-coreutils/1.6/jackson-coreutils-1.6.jar:/Users/congnguyen/.m2/repository/com/github/fge/msg-simple/1.1/msg-simple-1.1.jar:/Users/congnguyen/.m2/repository/com/github/fge/btf/1.2/btf-1.2.jar:/Users/congnguyen/.m2/repository/org/apache/httpcomponents/httpclient/4.5.13/httpclient-4.5.13.jar:/Users/congnguyen/.m2/repository/org/apache/httpcomponents/httpcore/4.4.14/httpcore-4.4.14.jar:/Users/congnguyen/.m2/repository/org/apache/commons/commons-configuration2/2.1/commons-configuration2-2.1.jar:/Users/congnguyen/.m2/repository/org/apache/commons/commons-collections4/4.1/commons-collections4-4.1.jar:/Users/congnguyen/.m2/repository/io/vavr/vavr/0.9.1/vavr-0.9.1.jar:/Users/congnguyen/.m2/repository/io/vavr/vavr-match/0.9.1/vavr-match-0.9.1.jar:/Users/congnguyen/.m2/repository/ch/netzwerg/paleo-core/0.11.0/paleo-core-0.11.0.jar:/Users/congnguyen/.m2/repository/cglib/cglib/3.3.0/cglib-3.3.0.jar:/Users/congnguyen/.m2/repository/org/ow2/asm/asm/7.1/asm-7.1.jar:/Users/congnguyen/.m2/repository/com/jayway/jsonpath/json-path/2.5.0/json-path-2.5.0.jar:/Users/congnguyen/.m2/repository/net/minidev/json-smart/2.4.7/json-smart-2.4.7.jar:/Users/congnguyen/.m2/repository/net/minidev/accessors-smart/2.4.7/accessors-smart-2.4.7.jar:/Users/congnguyen/.m2/repository/org/reflections/reflections/0.9.12/reflections-0.9.12.jar:/Users/congnguyen/.m2/repository/org/javassist/javassist/3.26.0-GA/javassist-3.26.0-GA.jar:/Users/congnguyen/.m2/repository/com/github/haifengl/smile-core/2.6.0/smile-core-2.6.0.jar:/Users/congnguyen/.m2/repository/com/github/haifengl/smile-data/2.6.0/smile-data-2.6.0.jar:/Users/congnguyen/.m2/repository/com/github/haifengl/smile-math/2.6.0/smile-math-2.6.0.jar:/Users/congnguyen/.m2/repository/com/github/haifengl/smile-graph/2.6.0/smile-graph-2.6.0.jar:/Users/congnguyen/.m2/repository/com/github/haifengl/smile-nlp/2.6.0/smile-nlp-2.6.0.jar:/Users/congnguyen/.m2/repository/net/objecthunter/exp4j/0.4.8/exp4j-0.4.8.jar:/Users/congnguyen/.m2/repository/org/testcontainers/testcontainers/1.15.3/testcontainers-1.15.3.jar:/Users/congnguyen/.m2/repository/junit/junit/4.13.2/junit-4.13.2.jar:/Users/congnguyen/.m2/repository/org/hamcrest/hamcrest-core/2.2/hamcrest-core-2.2.jar:/Users/congnguyen/.m2/repository/org/apache/commons/commons-compress/1.20/commons-compress-1.20.jar:/Users/congnguyen/.m2/repository/org/rnorth/duct-tape/duct-tape/1.0.8/duct-tape-1.0.8.jar:/Users/congnguyen/.m2/repository/org/rnorth/visible-assertions/visible-assertions/2.1.2/visible-assertions-2.1.2.jar:/Users/congnguyen/.m2/repository/net/java/dev/jna/jna/5.2.0/jna-5.2.0.jar:/Users/congnguyen/.m2/repository/com/github/docker-java/docker-java-api/3.2.8/docker-java-api-3.2.8.jar:/Users/congnguyen/.m2/repository/com/github/docker-java/docker-java-transport-zerodep/3.2.8/docker-java-transport-zerodep-3.2.8.jar:/Users/congnguyen/.m2/repository/com/github/docker-java/docker-java-transport/3.2.8/docker-java-transport-3.2.8.jar:/Users/congnguyen/.m2/repository/org/testcontainers/junit-jupiter/1.15.3/junit-jupiter-1.15.3.jar:/Users/congnguyen/.m2/repository/org/junit/jupiter/junit-jupiter-api/5.8.1/junit-jupiter-api-5.8.1.jar:/Users/congnguyen/.m2/repository/org/opentest4j/opentest4j/1.2.0/opentest4j-1.2.0.jar:/Users/congnguyen/.m2/repository/org/junit/platform/junit-platform-commons/1.8.1/junit-platform-commons-1.8.1.jar:/Users/congnguyen/.m2/repository/org/apiguardian/apiguardian-api/1.1.2/apiguardian-api-1.1.2.jar:"/>
    <property name="sun.cpu.endian" value="little"/>
    <property name="user.home" value="/Users/congnguyen"/>
    <property name="user.language" value="en"/>
    <property name="java.specification.vendor" value="Oracle Corporation"/>
    <property name="org.testcontainers.shaded.io.netty.packagePrefix" value="org.testcontainers.shaded."/>
    <property name="java.home" value="/Users/congnguyen/Library/Java/JavaVirtualMachines/liberica-1.8.0_412/jre"/>
    <property name="basedir" value="/Users/congnguyen/start-up/MBP"/>
    <property name="file.separator" value="/"/>
    <property name="line.separator" value="&#10;"/>
    <property name="java.vm.specification.vendor" value="Oracle Corporation"/>
    <property name="java.specification.name" value="Java Platform API Specification"/>
    <property name="java.awt.graphicsenv" value="sun.awt.CGraphicsEnvironment"/>
    <property name="git.commit.id.full" value="821498d7f37bcd4f124d9444af0864896c74e890"/>
    <property name="git.build.time" value="2024-07-15T09:08:41+0700"/>
    <property name="surefire.real.class.path" value="/Users/congnguyen/start-up/MBP/target/surefire/surefirebooter1321328886741996970.jar"/>
    <property name="sun.boot.class.path" value="/Users/congnguyen/Library/Java/JavaVirtualMachines/liberica-1.8.0_412/jre/lib/resources.jar:/Users/congnguyen/Library/Java/JavaVirtualMachines/liberica-1.8.0_412/jre/lib/rt.jar:/Users/congnguyen/Library/Java/JavaVirtualMachines/liberica-1.8.0_412/jre/lib/sunrsasign.jar:/Users/congnguyen/Library/Java/JavaVirtualMachines/liberica-1.8.0_412/jre/lib/jsse.jar:/Users/congnguyen/Library/Java/JavaVirtualMachines/liberica-1.8.0_412/jre/lib/jce.jar:/Users/congnguyen/Library/Java/JavaVirtualMachines/liberica-1.8.0_412/jre/lib/charsets.jar:/Users/congnguyen/Library/Java/JavaVirtualMachines/liberica-1.8.0_412/jre/lib/jfr.jar:/Users/congnguyen/Library/Java/JavaVirtualMachines/liberica-1.8.0_412/jre/classes"/>
    <property name="sun.management.compiler" value="HotSpot 64-Bit Tiered Compilers"/>
    <property name="ftp.nonProxyHosts" value="local|*.local|169.254/16|*.169.254/16"/>
    <property name="java.runtime.version" value="1.8.0_412-b09"/>
    <property name="user.name" value="congnguyen"/>
    <property name="path.separator" value=":"/>
    <property name="os.version" value="14.5"/>
    <property name="java.endorsed.dirs" value="/Users/congnguyen/Library/Java/JavaVirtualMachines/liberica-1.8.0_412/jre/lib/endorsed"/>
    <property name="java.runtime.name" value="OpenJDK Runtime Environment"/>
    <property name="file.encoding" value="UTF-8"/>
    <property name="jnidispatch.path" value="/Users/congnguyen/Library/Caches/JNA/temp/jna2700852113417492061.tmp"/>
    <property name="java.vm.name" value="OpenJDK 64-Bit Server VM"/>
    <property name="localRepository" value="/Users/congnguyen/.m2/repository"/>
    <property name="java.vendor.url.bug" value="https://bell-sw.com/support"/>
    <property name="java.io.tmpdir" value="/var/folders/ry/f968j47j78x4vcxyzcm0_wfw0000gn/T/"/>
    <property name="idea.version" value="2024.1.4"/>
    <property name="java.version" value="1.8.0_412"/>
    <property name="user.dir" value="/Users/congnguyen/start-up/MBP"/>
    <property name="os.arch" value="aarch64"/>
    <property name="git.commit.id.abbrev" value="821498d"/>
    <property name="java.vm.specification.name" value="Java Virtual Machine Specification"/>
    <property name="java.awt.printerjob" value="sun.lwawt.macosx.CPrinterJob"/>
    <property name="sun.os.patch.level" value="unknown"/>
    <property name="java.library.path" value="/Users/congnguyen/Library/Java/Extensions:/Library/Java/Extensions:/Network/Library/Java/Extensions:/System/Library/Java/Extensions:/usr/lib/java:."/>
    <property name="java.vm.info" value="mixed mode"/>
    <property name="java.vendor" value="BellSoft"/>
    <property name="java.vm.version" value="25.412-b09"/>
    <property name="java.specification.maintenance.version" value="5"/>
    <property name="java.ext.dirs" value="/Users/congnguyen/Library/Java/Extensions:/Users/congnguyen/Library/Java/JavaVirtualMachines/liberica-1.8.0_412/jre/lib/ext:/Library/Java/Extensions:/Network/Library/Java/Extensions:/System/Library/Java/Extensions:/usr/lib/java"/>
    <property name="sun.io.unicode.encoding" value="UnicodeBig"/>
    <property name="java.class.version" value="52.0"/>
    <property name="socksNonProxyHosts" value="local|*.local|169.254/16|*.169.254/16"/>
    <property name="git.commit.time" value="2024-07-15T08:58:50+0700"/>
  </properties>
  <testcase name="" classname="de.ipvs.as.mbp.controller.RestDeviceControllerTest" time="0">
    <skipped message="disabledWithoutDocker is true and Docker is not available"/>
    <system-out><![CDATA[09:08:51.334 [main] DEBUG org.testcontainers.utility.TestcontainersConfiguration - Testcontainers configuration overrides will be loaded from file:/Users/congnguyen/.testcontainers.properties
09:08:51.352 [main] WARN org.testcontainers.utility.TestcontainersConfiguration - Attempted to read Testcontainers configuration file at file:/Users/congnguyen/.testcontainers.properties but the file was not found. Exception message: FileNotFoundException: /Users/congnguyen/.testcontainers.properties (No such file or directory)
09:08:51.363 [main] INFO org.testcontainers.dockerclient.DockerMachineClientProviderStrategy - docker-machine executable was not found on PATH ([/Users/congnguyen/.yarn/bin, /Users/congnguyen/.config/yarn/global/node_modules/.bin, /Users/congnguyen/.nvm/versions/node/v20.15.0/bin, /Library/Frameworks/Python.framework/Versions/3.12/bin, /Library/Frameworks/Python.framework/Versions/3.10/bin, /opt/homebrew/bin, /opt/homebrew/sbin, /usr/local/bin, /System/Cryptexes/App/usr/bin, /usr/bin, /bin, /usr/sbin, /sbin, /var/run/com.apple.security.cryptexd/codex.system/bootstrap/usr/local/bin, /var/run/com.apple.security.cryptexd/codex.system/bootstrap/usr/bin, /var/run/com.apple.security.cryptexd/codex.system/bootstrap/usr/appleinternal/bin, /Library/Apple/usr/bin, /usr/local/share/dotnet, ~/.dotnet/tools, /Users/congnguyen/.cargo/bin, /Users/congnguyen/Library/Application Support/JetBrains/Toolbox/scripts])
09:08:51.742 [ducttape-0] DEBUG org.testcontainers.dockerclient.DockerClientProviderStrategy - Pinging docker daemon...
09:08:51.770 [ducttape-0] DEBUG org.testcontainers.shaded.com.github.dockerjava.core.command.AbstrDockerCmd - Cmd: 
09:08:51.824 [main] DEBUG org.testcontainers.dockerclient.DockerClientProviderStrategy - UnixSocketClientProviderStrategy: failed with exception RuntimeException (java.lang.UnsatisfiedLinkError: /Users/congnguyen/Library/Caches/JNA/temp/jna2700852113417492061.tmp: dlopen(/Users/congnguyen/Library/Caches/JNA/temp/jna2700852113417492061.tmp, 0x0001): tried: '/Users/congnguyen/Library/Caches/JNA/temp/jna2700852113417492061.tmp' (fat file, but missing compatible architecture (have 'i386,x86_64', need 'arm64e' or 'arm64')), '/System/Volumes/Preboot/Cryptexes/OS/Users/congnguyen/Library/Caches/JNA/temp/jna2700852113417492061.tmp' (no such file), '/Users/congnguyen/Library/Caches/JNA/temp/jna2700852113417492061.tmp' (fat file, but missing compatible architecture (have 'i386,x86_64', need 'arm64e' or 'arm64'))). Root cause UnsatisfiedLinkError (/Users/congnguyen/Library/Caches/JNA/temp/jna2700852113417492061.tmp: dlopen(/Users/congnguyen/Library/Caches/JNA/temp/jna2700852113417492061.tmp, 0x0001): tried: '/Users/congnguyen/Library/Caches/JNA/temp/jna2700852113417492061.tmp' (fat file, but missing compatible architecture (have 'i386,x86_64', need 'arm64e' or 'arm64')), '/System/Volumes/Preboot/Cryptexes/OS/Users/congnguyen/Library/Caches/JNA/temp/jna2700852113417492061.tmp' (no such file), '/Users/congnguyen/Library/Caches/JNA/temp/jna2700852113417492061.tmp' (fat file, but missing compatible architecture (have 'i386,x86_64', need 'arm64e' or 'arm64')))
09:08:51.825 [main] ERROR org.testcontainers.dockerclient.DockerClientProviderStrategy - Could not find a valid Docker environment. Please check configuration. Attempted configurations were:
09:08:51.825 [main] ERROR org.testcontainers.dockerclient.DockerClientProviderStrategy -     UnixSocketClientProviderStrategy: failed with exception RuntimeException (java.lang.UnsatisfiedLinkError: /Users/congnguyen/Library/Caches/JNA/temp/jna2700852113417492061.tmp: dlopen(/Users/congnguyen/Library/Caches/JNA/temp/jna2700852113417492061.tmp, 0x0001): tried: '/Users/congnguyen/Library/Caches/JNA/temp/jna2700852113417492061.tmp' (fat file, but missing compatible architecture (have 'i386,x86_64', need 'arm64e' or 'arm64')), '/System/Volumes/Preboot/Cryptexes/OS/Users/congnguyen/Library/Caches/JNA/temp/jna2700852113417492061.tmp' (no such file), '/Users/congnguyen/Library/Caches/JNA/temp/jna2700852113417492061.tmp' (fat file, but missing compatible architecture (have 'i386,x86_64', need 'arm64e' or 'arm64'))). Root cause UnsatisfiedLinkError (/Users/congnguyen/Library/Caches/JNA/temp/jna2700852113417492061.tmp: dlopen(/Users/congnguyen/Library/Caches/JNA/temp/jna2700852113417492061.tmp, 0x0001): tried: '/Users/congnguyen/Library/Caches/JNA/temp/jna2700852113417492061.tmp' (fat file, but missing compatible architecture (have 'i386,x86_64', need 'arm64e' or 'arm64')), '/System/Volumes/Preboot/Cryptexes/OS/Users/congnguyen/Library/Caches/JNA/temp/jna2700852113417492061.tmp' (no such file), '/Users/congnguyen/Library/Caches/JNA/temp/jna2700852113417492061.tmp' (fat file, but missing compatible architecture (have 'i386,x86_64', need 'arm64e' or 'arm64')))
09:08:51.825 [main] ERROR org.testcontainers.dockerclient.DockerClientProviderStrategy - As no valid configuration was found, execution cannot continue
]]></system-out>
  </testcase>
  <testcase name="" classname="de.ipvs.as.mbp.controller.RestUserControllerTest" time="0">
    <skipped message="disabledWithoutDocker is true and Docker is not available"/>
  </testcase>
  <testcase name="mosquittoAvailable" classname="de.ipvs.as.mbp.ServiceAvailabilityTest" time="0.01"/>
  <testcase name="dockerAvailable" classname="de.ipvs.as.mbp.ServiceAvailabilityTest" time="0.001"/>
</testsuite>